# JRE version: Java(TM) SE Runtime Environment (8.0_31-b13) (build 1.8.0_31-b13)
# Java VM: Java HotSpot(TM) Client VM (25.31-b07 mixed mode windows-x86 )
Heap:
 def new generation   total 55872K, used 38882K [0x03c00000, 0x078a0000, 0x19150000)
  eden space 49664K,  65% used [0x03c00000, 0x05be8b90, 0x06c80000)
  from space 6208K, 100% used [0x06c80000, 0x07290000, 0x07290000)
  to   space 6208K,   0% used [0x07290000, 0x07290000, 0x078a0000)
 tenured generation   total 123872K, used 93504K [0x19150000, 0x20a48000, 0x43c00000)
   the space 123872K,  75% used [0x19150000, 0x1eca0380, 0x1eca0400, 0x20a48000)
 Metaspace       used 47718K, capacity 51434K, committed 51456K, reserved 51584K
GC Heap History (10 events):
Event: 18519.964 GC heap before
{Heap before GC invocations=408 (full 19):
 def new generation   total 55872K, used 54777K [0x03c00000, 0x078a0000, 0x19150000)
  eden space 49664K, 100% used [0x03c00000, 0x06c80000, 0x06c80000)
  from space 6208K,  82% used [0x07290000, 0x0778e5c0, 0x078a0000)
  to   space 6208K,   0% used [0x06c80000, 0x06c80000, 0x07290000)
 tenured generation   total 123872K, used 82197K [0x19150000, 0x20a48000, 0x43c00000)
   the space 123872K,  66% used [0x19150000, 0x1e195568, 0x1e195600, 0x20a48000)
 Metaspace       used 47233K, capacity 50835K, committed 50944K, reserved 51584K
Event: 18520.203 GC heap after
Heap after GC invocations=409 (full 19):
 def new generation   total 55872K, used 2034K [0x03c00000, 0x078a0000, 0x19150000)
  eden space 49664K,   0% used [0x03c00000, 0x03c00000, 0x06c80000)
  from space 6208K,  32% used [0x06c80000, 0x06e7ca38, 0x07290000)
  to   space 6208K,   0% used [0x07290000, 0x07290000, 0x078a0000)
 tenured generation   total 123872K, used 87038K [0x19150000, 0x20a48000, 0x43c00000)
   the space 123872K,  70% used [0x19150000, 0x1e64f880, 0x1e64fa00, 0x20a48000)
 Metaspace       used 47233K, capacity 50835K, committed 50944K, reserved 51584K
}
Event: 18520.430 GC heap before
{Heap before GC invocations=409 (full 19):
 def new generation   total 55872K, used 51698K [0x03c00000, 0x078a0000, 0x19150000)
  eden space 49664K, 100% used [0x03c00000, 0x06c80000, 0x06c80000)
  from space 6208K,  32% used [0x06c80000, 0x06e7ca38, 0x07290000)
  to   space 6208K,   0% used [0x07290000, 0x07290000, 0x078a0000)
 tenured generation   total 123872K, used 87038K [0x19150000, 0x20a48000, 0x43c00000)
   the space 123872K,  70% used [0x19150000, 0x1e64f880, 0x1e64fa00, 0x20a48000)
 Metaspace       used 47233K, capacity 50835K, committed 50944K, reserved 51584K
Event: 18520.490 GC heap after
Heap after GC invocations=410 (full 19):
 def new generation   total 55872K, used 3918K [0x03c00000, 0x078a0000, 0x19150000)
  eden space 49664K,   0% used [0x03c00000, 0x03c00000, 0x06c80000)
  from space 6208K,  63% used [0x07290000, 0x07663998, 0x078a0000)
  to   space 6208K,   0% used [0x06c80000, 0x06c80000, 0x07290000)
 tenured generation   total 123872K, used 87038K [0x19150000, 0x20a48000, 0x43c00000)
   the space 123872K,  70% used [0x19150000, 0x1e64f880, 0x1e64fa00, 0x20a48000)
 Metaspace       used 47233K, capacity 50835K, committed 50944K, reserved 51584K
}
Event: 18537.211 GC heap before
{Heap before GC invocations=410 (full 19):
 def new generation   total 55872K, used 53582K [0x03c00000, 0x078a0000, 0x19150000)
  eden space 49664K, 100% used [0x03c00000, 0x06c80000, 0x06c80000)
  from space 6208K,  63% used [0x07290000, 0x07663998, 0x078a0000)
  to   space 6208K,   0% used [0x06c80000, 0x06c80000, 0x07290000)
 tenured generation   total 123872K, used 87038K [0x19150000, 0x20a48000, 0x43c00000)
   the space 123872K,  70% used [0x19150000, 0x1e64f880, 0x1e64fa00, 0x20a48000)
 Metaspace       used 47293K, capacity 50879K, committed 50944K, reserved 51584K
Event: 18537.345 GC heap after
Heap after GC invocations=411 (full 19):
 def new generation   total 55872K, used 3964K [0x03c00000, 0x078a0000, 0x19150000)
  eden space 49664K,   0% used [0x03c00000, 0x03c00000, 0x06c80000)
  from space 6208K,  63% used [0x06c80000, 0x0705f2c0, 0x07290000)
  to   space 6208K,   0% used [0x07290000, 0x07290000, 0x078a0000)
 tenured generation   total 123872K, used 89062K [0x19150000, 0x20a48000, 0x43c00000)
   the space 123872K,  71% used [0x19150000, 0x1e8498d8, 0x1e849a00, 0x20a48000)
 Metaspace       used 47293K, capacity 50879K, committed 50944K, reserved 51584K
}
Event: 18554.840 GC heap before
{Heap before GC invocations=411 (full 19):
 def new generation   total 55872K, used 53628K [0x03c00000, 0x078a0000, 0x19150000)
  eden space 49664K, 100% used [0x03c00000, 0x06c80000, 0x06c80000)
  from space 6208K,  63% used [0x06c80000, 0x0705f2c0, 0x07290000)
  to   space 6208K,   0% used [0x07290000, 0x07290000, 0x078a0000)
 tenured generation   total 123872K, used 89062K [0x19150000, 0x20a48000, 0x43c00000)
   the space 123872K,  71% used [0x19150000, 0x1e8498d8, 0x1e849a00, 0x20a48000)
 Metaspace       used 47666K, capacity 51358K, committed 51456K, reserved 51584K
Event: 18555.464 GC heap after
Heap after GC invocations=412 (full 19):
 def new generation   total 55872K, used 4000K [0x03c00000, 0x078a0000, 0x19150000)
  eden space 49664K,   0% used [0x03c00000, 0x03c00000, 0x06c80000)
  from space 6208K,  64% used [0x07290000, 0x076780f8, 0x078a0000)
  to   space 6208K,   0% used [0x06c80000, 0x06c80000, 0x07290000)
 tenured generation   total 123872K, used 90931K [0x19150000, 0x20a48000, 0x43c00000)
   the space 123872K,  73% used [0x19150000, 0x1ea1cd28, 0x1ea1ce00, 0x20a48000)
 Metaspace       used 47666K, capacity 51358K, committed 51456K, reserved 51584K
}
Event: 18558.364 GC heap before
{Heap before GC invocations=412 (full 19):
 def new generation   total 55872K, used 53664K [0x03c00000, 0x078a0000, 0x19150000)
  eden space 49664K, 100% used [0x03c00000, 0x06c80000, 0x06c80000)
  from space 6208K,  64% used [0x07290000, 0x076780f8, 0x078a0000)
  to   space 6208K,   0% used [0x06c80000, 0x06c80000, 0x07290000)
 tenured generation   total 123872K, used 90931K [0x19150000, 0x20a48000, 0x43c00000)
   the space 123872K,  73% used [0x19150000, 0x1ea1cd28, 0x1ea1ce00, 0x20a48000)
 Metaspace       used 47668K, capacity 51360K, committed 51456K, reserved 51584K
Event: 18558.844 GC heap after
Heap after GC invocations=413 (full 19):
 def new generation   total 55872K, used 6208K [0x03c00000, 0x078a0000, 0x19150000)
  eden space 49664K,   0% used [0x03c00000, 0x03c00000, 0x06c80000)
  from space 6208K, 100% used [0x06c80000, 0x07290000, 0x07290000)
  to   space 6208K,   0% used [0x07290000, 0x07290000, 0x078a0000)
 tenured generation   total 123872K, used 93504K [0x19150000, 0x20a48000, 0x43c00000)
   the space 123872K,  75% used [0x19150000, 0x1eca0380, 0x1eca0400, 0x20a48000)
 Metaspace       used 47668K, capacity 51360K, committed 51456K, reserved 51584K
}

